<?xml version="1.0" encoding="UTF-8" ?>
<testsuite errors="0" failures="0" hostname="小明" name="twitter.SocialNetworkTest" skipped="0" tests="5" time="0.096" timestamp="2019-03-11T12:22:02">
  <properties>
[...]
</properties>
  <testcase classname="twitter.SocialNetworkTest" name="testGuessFollowsGraphSome" time="0.005" />
  <testcase classname="twitter.SocialNetworkTest" name="testGuessFollowsGraphEmpty" time="0.0" />
  <testcase classname="twitter.SocialNetworkTest" name="testAssertionsEnabled" time="0.0" />
  <testcase classname="twitter.SocialNetworkTest" name="testInfluencersSome" time="0.002" />
  <testcase classname="twitter.SocialNetworkTest" name="testInfluencersEmpty" time="0.0" />
  <system-out><![CDATA[]]></system-out>
  <system-err><![CDATA[]]></system-err>
</testsuite>
